
===========================================================================
 report_power
============================================================================
======================= Fastest Corner ===================================

Group                  Internal  Switching    Leakage      Total
                          Power      Power      Power      Power (Watts)
----------------------------------------------------------------
Sequential             4.28e-04   7.37e-05   2.37e-09   5.01e-04  24.0%
Combinational          6.36e-04   9.52e-04   1.21e-08   1.59e-03  76.0%
Macro                  0.00e+00   0.00e+00   0.00e+00   0.00e+00   0.0%
Pad                    0.00e+00   0.00e+00   0.00e+00   0.00e+00   0.0%
----------------------------------------------------------------
Total                  1.06e-03   1.03e-03   1.44e-08   2.09e-03 100.0%
                          50.9%      49.1%       0.0%

======================= Slowest Corner ===================================

Group                  Internal  Switching    Leakage      Total
                          Power      Power      Power      Power (Watts)
----------------------------------------------------------------
Sequential             2.88e-04   4.85e-05   2.33e-06   3.39e-04  23.4%
Combinational          4.72e-04   6.32e-04   6.22e-06   1.11e-03  76.6%
Macro                  0.00e+00   0.00e+00   0.00e+00   0.00e+00   0.0%
Pad                    0.00e+00   0.00e+00   0.00e+00   0.00e+00   0.0%
----------------------------------------------------------------
Total                  7.60e-04   6.80e-04   8.55e-06   1.45e-03 100.0%
                          52.5%      46.9%       0.6%

======================= Typical Corner ===================================

Group                  Internal  Switching    Leakage      Total
                          Power      Power      Power      Power (Watts)
----------------------------------------------------------------
Sequential             3.70e-04   6.20e-05   1.33e-09   4.32e-04  23.8%
Combinational          5.77e-04   8.06e-04   8.26e-09   1.38e-03  76.2%
Macro                  0.00e+00   0.00e+00   0.00e+00   0.00e+00   0.0%
Pad                    0.00e+00   0.00e+00   0.00e+00   0.00e+00   0.0%
----------------------------------------------------------------
Total                  9.47e-04   8.68e-04   9.59e-09   1.81e-03 100.0%
                          52.2%      47.8%       0.0%

